2026/03/11 09:58:46 [notice] 1#1: using the "epoll" event method
2026/03/11 09:58:46 [notice] 1#1: nginx/1.29.2
2026/03/11 09:58:46 [notice] 1#1: built by gcc 14.2.0 (Alpine 14.2.0) 
2026/03/11 09:58:46 [notice] 1#1: OS: Linux 6.6.87.2-microsoft-standard-WSL2
2026/03/11 09:58:46 [notice] 1#1: getrlimit(RLIMIT_NOFILE): 1048576:1048576
2026/03/11 09:58:46 [notice] 1#1: start worker processes
2026/03/11 09:58:46 [notice] 1#1: start worker process 21
2026/03/11 09:58:46 [notice] 1#1: start worker process 22
2026/03/11 09:58:46 [notice] 1#1: start worker process 23
2026/03/11 09:58:46 [notice] 1#1: start worker process 24
2026/03/11 09:58:46 [notice] 1#1: start worker process 25
2026/03/11 09:58:46 [notice] 1#1: start worker process 26
2026/03/11 09:58:46 [notice] 1#1: start worker process 27
2026/03/11 09:58:46 [notice] 1#1: start worker process 28
2026/03/11 09:58:46 [notice] 1#1: start worker process 29
2026/03/11 09:58:46 [notice] 1#1: start worker process 30
2026/03/11 09:58:46 [notice] 1#1: start worker process 31
2026/03/11 09:58:46 [notice] 1#1: start worker process 32
2026/03/11 10:20:38 [emerg] 39#39: no port in upstream "php_backend" in /etc/nginx/conf.d/default.conf:14
2026/03/11 10:20:47 [emerg] 45#45: no port in upstream "php_backend" in /etc/nginx/conf.d/default.conf:14
2026/03/11 10:21:47 [notice] 58#58: signal process started
2026/03/11 10:21:47 [notice] 1#1: signal 1 (SIGHUP) received from 58, reconfiguring
2026/03/11 10:21:47 [notice] 1#1: reconfiguring
2026/03/11 10:21:47 [notice] 1#1: using the "epoll" event method
2026/03/11 10:21:47 [notice] 1#1: start worker processes
2026/03/11 10:21:47 [notice] 1#1: start worker process 64
2026/03/11 10:21:47 [notice] 1#1: start worker process 65
2026/03/11 10:21:47 [notice] 1#1: start worker process 66
2026/03/11 10:21:47 [notice] 1#1: start worker process 67
2026/03/11 10:21:47 [notice] 1#1: start worker process 68
2026/03/11 10:21:47 [notice] 1#1: start worker process 69
2026/03/11 10:21:47 [notice] 1#1: start worker process 70
2026/03/11 10:21:47 [notice] 1#1: start worker process 71
2026/03/11 10:21:47 [notice] 1#1: start worker process 72
2026/03/11 10:21:47 [notice] 1#1: start worker process 73
2026/03/11 10:21:47 [notice] 1#1: start worker process 74
2026/03/11 10:21:47 [notice] 1#1: start worker process 75
2026/03/11 10:21:47 [notice] 21#21: gracefully shutting down
2026/03/11 10:21:47 [notice] 22#22: gracefully shutting down
2026/03/11 10:21:47 [notice] 23#23: gracefully shutting down
2026/03/11 10:21:47 [notice] 24#24: gracefully shutting down
2026/03/11 10:21:47 [notice] 25#25: gracefully shutting down
2026/03/11 10:21:47 [notice] 26#26: gracefully shutting down
2026/03/11 10:21:47 [notice] 21#21: exiting
2026/03/11 10:21:47 [notice] 22#22: exiting
2026/03/11 10:21:47 [notice] 23#23: exiting
2026/03/11 10:21:47 [notice] 27#27: gracefully shutting down
2026/03/11 10:21:47 [notice] 24#24: exiting
2026/03/11 10:21:47 [notice] 25#25: exiting
2026/03/11 10:21:47 [notice] 28#28: gracefully shutting down
2026/03/11 10:21:47 [notice] 26#26: exiting
2026/03/11 10:21:47 [notice] 29#29: gracefully shutting down
2026/03/11 10:21:47 [notice] 30#30: gracefully shutting down
2026/03/11 10:21:47 [notice] 27#27: exiting
2026/03/11 10:21:47 [notice] 31#31: gracefully shutting down
2026/03/11 10:21:47 [notice] 28#28: exiting
2026/03/11 10:21:47 [notice] 29#29: exiting
2026/03/11 10:21:47 [notice] 30#30: exiting
2026/03/11 10:21:47 [notice] 31#31: exiting
2026/03/11 10:21:47 [notice] 32#32: gracefully shutting down
2026/03/11 10:21:47 [notice] 32#32: exiting
2026/03/11 10:21:47 [notice] 26#26: exit
2026/03/11 10:21:47 [notice] 24#24: exit
2026/03/11 10:21:47 [notice] 23#23: exit
2026/03/11 10:21:47 [notice] 21#21: exit
2026/03/11 10:21:47 [notice] 25#25: exit
2026/03/11 10:21:47 [notice] 29#29: exit
2026/03/11 10:21:47 [notice] 22#22: exit
2026/03/11 10:21:47 [notice] 31#31: exit
2026/03/11 10:21:47 [notice] 27#27: exit
2026/03/11 10:21:47 [notice] 28#28: exit
2026/03/11 10:21:47 [notice] 30#30: exit
2026/03/11 10:21:47 [notice] 32#32: exit
2026/03/11 10:21:47 [notice] 1#1: signal 17 (SIGCHLD) received from 25
2026/03/11 10:21:47 [notice] 1#1: worker process 25 exited with code 0
2026/03/11 10:21:47 [notice] 1#1: signal 29 (SIGIO) received
2026/03/11 10:21:47 [notice] 1#1: signal 17 (SIGCHLD) received from 24
2026/03/11 10:21:47 [notice] 1#1: worker process 24 exited with code 0
2026/03/11 10:21:47 [notice] 1#1: signal 29 (SIGIO) received
2026/03/11 10:21:48 [notice] 1#1: signal 17 (SIGCHLD) received from 22
2026/03/11 10:21:48 [notice] 1#1: worker process 22 exited with code 0
2026/03/11 10:21:48 [notice] 1#1: signal 29 (SIGIO) received
2026/03/11 10:21:48 [notice] 1#1: signal 17 (SIGCHLD) received from 31
2026/03/11 10:21:48 [notice] 1#1: worker process 21 exited with code 0
2026/03/11 10:21:48 [notice] 1#1: worker process 23 exited with code 0
2026/03/11 10:21:48 [notice] 1#1: worker process 29 exited with code 0
2026/03/11 10:21:48 [notice] 1#1: worker process 31 exited with code 0
2026/03/11 10:21:48 [notice] 1#1: worker process 32 exited with code 0
2026/03/11 10:21:48 [notice] 1#1: signal 29 (SIGIO) received
2026/03/11 10:21:48 [notice] 1#1: signal 17 (SIGCHLD) received from 23
2026/03/11 10:21:48 [notice] 1#1: signal 17 (SIGCHLD) received from 28
2026/03/11 10:21:48 [notice] 1#1: worker process 26 exited with code 0
2026/03/11 10:21:48 [notice] 1#1: worker process 27 exited with code 0
2026/03/11 10:21:48 [notice] 1#1: worker process 28 exited with code 0
2026/03/11 10:21:48 [notice] 1#1: signal 29 (SIGIO) received
2026/03/11 10:21:48 [notice] 1#1: signal 17 (SIGCHLD) received from 30
2026/03/11 10:21:48 [notice] 1#1: worker process 30 exited with code 0
2026/03/11 10:21:48 [notice] 1#1: signal 29 (SIGIO) received
2026/03/11 10:30:53 [notice] 1#1: signal 3 (SIGQUIT) received, shutting down
2026/03/11 10:30:53 [notice] 64#64: gracefully shutting down
2026/03/11 10:30:53 [notice] 65#65: gracefully shutting down
2026/03/11 10:30:53 [notice] 66#66: gracefully shutting down
2026/03/11 10:30:53 [notice] 64#64: exiting
2026/03/11 10:30:53 [notice] 66#66: exiting
2026/03/11 10:30:53 [notice] 67#67: gracefully shutting down
2026/03/11 10:30:53 [notice] 68#68: gracefully shutting down
2026/03/11 10:30:53 [notice] 67#67: exiting
2026/03/11 10:30:53 [notice] 65#65: exiting
2026/03/11 10:30:53 [notice] 70#70: gracefully shutting down
2026/03/11 10:30:53 [notice] 68#68: exiting
2026/03/11 10:30:53 [notice] 71#71: gracefully shutting down
2026/03/11 10:30:53 [notice] 70#70: exiting
2026/03/11 10:30:53 [notice] 73#73: gracefully shutting down
2026/03/11 10:30:53 [notice] 71#71: exiting
2026/03/11 10:30:53 [notice] 73#73: exiting
2026/03/11 10:30:53 [notice] 69#69: gracefully shutting down
2026/03/11 10:30:53 [notice] 66#66: exit
2026/03/11 10:30:53 [notice] 69#69: exiting
2026/03/11 10:30:53 [notice] 67#67: exit
2026/03/11 10:30:53 [notice] 64#64: exit
2026/03/11 10:30:53 [notice] 65#65: exit
2026/03/11 10:30:53 [notice] 68#68: exit
2026/03/11 10:30:53 [notice] 70#70: exit
2026/03/11 10:30:53 [notice] 71#71: exit
2026/03/11 10:30:53 [notice] 73#73: exit
2026/03/11 10:30:53 [notice] 69#69: exit
2026/03/11 10:30:53 [notice] 72#72: gracefully shutting down
2026/03/11 10:30:53 [notice] 74#74: gracefully shutting down
2026/03/11 10:30:53 [notice] 72#72: exiting
2026/03/11 10:30:53 [notice] 74#74: exiting
2026/03/11 10:30:53 [notice] 72#72: exit
2026/03/11 10:30:53 [notice] 74#74: exit
2026/03/11 10:30:53 [notice] 75#75: gracefully shutting down
2026/03/11 10:30:53 [notice] 75#75: exiting
2026/03/11 10:30:53 [notice] 75#75: exit
2026/03/11 10:30:53 [notice] 1#1: signal 17 (SIGCHLD) received from 69
2026/03/11 10:30:53 [notice] 1#1: worker process 69 exited with code 0
2026/03/11 10:30:53 [notice] 1#1: signal 29 (SIGIO) received
2026/03/11 10:30:53 [notice] 1#1: signal 17 (SIGCHLD) received from 74
2026/03/11 10:30:53 [notice] 1#1: worker process 74 exited with code 0
2026/03/11 10:30:53 [notice] 1#1: signal 29 (SIGIO) received
2026/03/11 10:30:53 [notice] 1#1: signal 17 (SIGCHLD) received from 68
2026/03/11 10:30:53 [notice] 1#1: worker process 68 exited with code 0
2026/03/11 10:30:53 [notice] 1#1: worker process 71 exited with code 0
2026/03/11 10:30:53 [notice] 1#1: worker process 75 exited with code 0
2026/03/11 10:30:53 [notice] 1#1: signal 29 (SIGIO) received
2026/03/11 10:30:53 [notice] 1#1: signal 17 (SIGCHLD) received from 75
2026/03/11 10:30:53 [notice] 1#1: worker process 73 exited with code 0
2026/03/11 10:30:53 [notice] 1#1: signal 29 (SIGIO) received
2026/03/11 10:30:53 [notice] 1#1: signal 17 (SIGCHLD) received from 72
2026/03/11 10:30:53 [notice] 1#1: worker process 72 exited with code 0
2026/03/11 10:30:53 [notice] 1#1: signal 29 (SIGIO) received
2026/03/11 10:30:53 [notice] 1#1: signal 17 (SIGCHLD) received from 65
2026/03/11 10:30:53 [notice] 1#1: worker process 65 exited with code 0
2026/03/11 10:30:53 [notice] 1#1: signal 29 (SIGIO) received
2026/03/11 10:30:53 [notice] 1#1: signal 17 (SIGCHLD) received from 64
2026/03/11 10:30:53 [notice] 1#1: worker process 64 exited with code 0
2026/03/11 10:30:53 [notice] 1#1: worker process 67 exited with code 0
2026/03/11 10:30:53 [notice] 1#1: worker process 66 exited with code 0
2026/03/11 10:30:53 [notice] 1#1: worker process 70 exited with code 0
2026/03/11 10:30:53 [notice] 1#1: exit
2026/03/11 11:17:17 [notice] 1#1: using the "epoll" event method
2026/03/11 11:17:17 [notice] 1#1: nginx/1.29.2
2026/03/11 11:17:17 [notice] 1#1: built by gcc 14.2.0 (Alpine 14.2.0) 
2026/03/11 11:17:17 [notice] 1#1: OS: Linux 6.6.87.2-microsoft-standard-WSL2
2026/03/11 11:17:17 [notice] 1#1: getrlimit(RLIMIT_NOFILE): 1048576:1048576
2026/03/11 11:17:17 [notice] 1#1: start worker processes
2026/03/11 11:17:17 [notice] 1#1: start worker process 21
2026/03/11 11:17:17 [notice] 1#1: start worker process 22
2026/03/11 11:17:17 [notice] 1#1: start worker process 23
2026/03/11 11:17:17 [notice] 1#1: start worker process 24
2026/03/11 11:17:17 [notice] 1#1: start worker process 25
2026/03/11 11:17:17 [notice] 1#1: start worker process 26
2026/03/11 11:17:17 [notice] 1#1: start worker process 27
2026/03/11 11:17:17 [notice] 1#1: start worker process 28
2026/03/11 11:17:17 [notice] 1#1: start worker process 29
2026/03/11 11:17:17 [notice] 1#1: start worker process 30
2026/03/11 11:17:17 [notice] 1#1: start worker process 31
2026/03/11 11:17:17 [notice] 1#1: start worker process 32
2026/03/11 11:41:33 [notice] 1#1: signal 3 (SIGQUIT) received, shutting down
2026/03/11 11:41:33 [notice] 21#21: gracefully shutting down
2026/03/11 11:41:33 [notice] 22#22: gracefully shutting down
2026/03/11 11:41:33 [notice] 23#23: gracefully shutting down
2026/03/11 11:41:33 [notice] 21#21: exiting
2026/03/11 11:41:33 [notice] 22#22: exiting
2026/03/11 11:41:33 [notice] 24#24: gracefully shutting down
2026/03/11 11:41:33 [notice] 23#23: exiting
2026/03/11 11:41:33 [notice] 25#25: gracefully shutting down
2026/03/11 11:41:33 [notice] 24#24: exiting
2026/03/11 11:41:33 [notice] 26#26: gracefully shutting down
2026/03/11 11:41:33 [notice] 25#25: exiting
2026/03/11 11:41:33 [notice] 27#27: gracefully shutting down
2026/03/11 11:41:33 [notice] 26#26: exiting
2026/03/11 11:41:33 [notice] 31#31: gracefully shutting down
2026/03/11 11:41:33 [notice] 29#29: gracefully shutting down
2026/03/11 11:41:33 [notice] 27#27: exiting
2026/03/11 11:41:33 [notice] 31#31: exiting
2026/03/11 11:41:33 [notice] 29#29: exiting
2026/03/11 11:41:33 [notice] 28#28: gracefully shutting down
2026/03/11 11:41:33 [notice] 28#28: exiting
2026/03/11 11:41:33 [notice] 21#21: exit
2026/03/11 11:41:33 [notice] 23#23: exit
2026/03/11 11:41:33 [notice] 22#22: exit
2026/03/11 11:41:33 [notice] 24#24: exit
2026/03/11 11:41:33 [notice] 25#25: exit
2026/03/11 11:41:33 [notice] 26#26: exit
2026/03/11 11:41:33 [notice] 27#27: exit
2026/03/11 11:41:33 [notice] 31#31: exit
2026/03/11 11:41:33 [notice] 29#29: exit
2026/03/11 11:41:33 [notice] 28#28: exit
2026/03/11 11:41:33 [notice] 32#32: gracefully shutting down
2026/03/11 11:41:33 [notice] 32#32: exiting
2026/03/11 11:41:33 [notice] 32#32: exit
2026/03/11 11:41:33 [notice] 30#30: gracefully shutting down
2026/03/11 11:41:33 [notice] 30#30: exiting
2026/03/11 11:41:33 [notice] 30#30: exit
2026/03/11 11:41:33 [notice] 1#1: signal 17 (SIGCHLD) received from 29
2026/03/11 11:41:33 [notice] 1#1: worker process 25 exited with code 0
2026/03/11 11:41:33 [notice] 1#1: worker process 27 exited with code 0
2026/03/11 11:41:33 [notice] 1#1: worker process 29 exited with code 0
2026/03/11 11:41:33 [notice] 1#1: signal 29 (SIGIO) received
2026/03/11 11:41:33 [notice] 1#1: signal 17 (SIGCHLD) received from 30
2026/03/11 11:41:33 [notice] 1#1: worker process 28 exited with code 0
2026/03/11 11:41:33 [notice] 1#1: worker process 30 exited with code 0
2026/03/11 11:41:33 [notice] 1#1: signal 29 (SIGIO) received
2026/03/11 11:41:33 [notice] 1#1: signal 17 (SIGCHLD) received from 24
2026/03/11 11:41:33 [notice] 1#1: worker process 24 exited with code 0
2026/03/11 11:41:33 [notice] 1#1: worker process 26 exited with code 0
2026/03/11 11:41:33 [notice] 1#1: worker process 31 exited with code 0
2026/03/11 11:41:33 [notice] 1#1: signal 29 (SIGIO) received
2026/03/11 11:41:33 [notice] 1#1: signal 17 (SIGCHLD) received from 31
2026/03/11 11:41:33 [notice] 1#1: signal 17 (SIGCHLD) received from 23
2026/03/11 11:41:33 [notice] 1#1: worker process 23 exited with code 0
2026/03/11 11:41:33 [notice] 1#1: signal 29 (SIGIO) received
2026/03/11 11:41:33 [notice] 1#1: signal 17 (SIGCHLD) received from 32
2026/03/11 11:41:33 [notice] 1#1: worker process 22 exited with code 0
2026/03/11 11:41:33 [notice] 1#1: worker process 32 exited with code 0
2026/03/11 11:41:33 [notice] 1#1: signal 29 (SIGIO) received
2026/03/11 11:41:33 [notice] 1#1: signal 17 (SIGCHLD) received from 21
2026/03/11 11:41:33 [notice] 1#1: worker process 21 exited with code 0
2026/03/11 11:41:33 [notice] 1#1: exit
2026/03/11 11:41:53 [notice] 1#1: using the "epoll" event method
2026/03/11 11:41:53 [notice] 1#1: nginx/1.29.2
2026/03/11 11:41:53 [notice] 1#1: built by gcc 14.2.0 (Alpine 14.2.0) 
2026/03/11 11:41:53 [notice] 1#1: OS: Linux 6.6.87.2-microsoft-standard-WSL2
2026/03/11 11:41:53 [notice] 1#1: getrlimit(RLIMIT_NOFILE): 1048576:1048576
2026/03/11 11:41:53 [notice] 1#1: start worker processes
2026/03/11 11:41:53 [notice] 1#1: start worker process 29
2026/03/11 11:41:53 [notice] 1#1: start worker process 30
2026/03/11 11:41:53 [notice] 1#1: start worker process 31
2026/03/11 11:41:53 [notice] 1#1: start worker process 32
2026/03/11 11:41:53 [notice] 1#1: start worker process 33
2026/03/11 11:41:53 [notice] 1#1: start worker process 34
2026/03/11 11:41:53 [notice] 1#1: start worker process 35
2026/03/11 11:41:53 [notice] 1#1: start worker process 36
2026/03/11 11:41:53 [notice] 1#1: start worker process 37
2026/03/11 11:41:53 [notice] 1#1: start worker process 38
2026/03/11 11:41:53 [notice] 1#1: start worker process 39
2026/03/11 11:41:53 [notice] 1#1: start worker process 40
2026/03/11 12:18:33 [notice] 1#1: signal 3 (SIGQUIT) received, shutting down
2026/03/11 12:18:33 [notice] 30#30: gracefully shutting down
2026/03/11 12:18:33 [notice] 29#29: gracefully shutting down
2026/03/11 12:18:33 [notice] 32#32: gracefully shutting down
2026/03/11 12:18:33 [notice] 30#30: exiting
2026/03/11 12:18:33 [notice] 33#33: gracefully shutting down
2026/03/11 12:18:33 [notice] 29#29: exiting
2026/03/11 12:18:33 [notice] 32#32: exiting
2026/03/11 12:18:33 [notice] 31#31: gracefully shutting down
2026/03/11 12:18:33 [notice] 33#33: exiting
2026/03/11 12:18:33 [notice] 34#34: gracefully shutting down
2026/03/11 12:18:33 [notice] 34#34: exiting
2026/03/11 12:18:33 [notice] 31#31: exiting
2026/03/11 12:18:33 [notice] 35#35: gracefully shutting down
2026/03/11 12:18:33 [notice] 35#35: exiting
2026/03/11 12:18:33 [notice] 36#36: gracefully shutting down
2026/03/11 12:18:33 [notice] 37#37: gracefully shutting down
2026/03/11 12:18:33 [notice] 36#36: exiting
2026/03/11 12:18:33 [notice] 37#37: exiting
2026/03/11 12:18:33 [notice] 32#32: exit
2026/03/11 12:18:33 [notice] 33#33: exit
2026/03/11 12:18:33 [notice] 34#34: exit
2026/03/11 12:18:33 [notice] 30#30: exit
2026/03/11 12:18:33 [notice] 31#31: exit
2026/03/11 12:18:33 [notice] 35#35: exit
2026/03/11 12:18:33 [notice] 29#29: exit
2026/03/11 12:18:33 [notice] 36#36: exit
2026/03/11 12:18:33 [notice] 37#37: exit
2026/03/11 12:18:33 [notice] 38#38: gracefully shutting down
2026/03/11 12:18:33 [notice] 38#38: exiting
2026/03/11 12:18:33 [notice] 38#38: exit
2026/03/11 12:18:33 [notice] 39#39: gracefully shutting down
2026/03/11 12:18:33 [notice] 39#39: exiting
2026/03/11 12:18:33 [notice] 40#40: gracefully shutting down
2026/03/11 12:18:33 [notice] 40#40: exiting
2026/03/11 12:18:33 [notice] 39#39: exit
2026/03/11 12:18:33 [notice] 40#40: exit
2026/03/11 12:18:33 [notice] 1#1: signal 17 (SIGCHLD) received from 30
2026/03/11 12:18:33 [notice] 1#1: worker process 30 exited with code 0
2026/03/11 12:18:33 [notice] 1#1: signal 29 (SIGIO) received
2026/03/11 12:18:33 [notice] 1#1: signal 17 (SIGCHLD) received from 38
2026/03/11 12:18:33 [notice] 1#1: worker process 38 exited with code 0
2026/03/11 12:18:33 [notice] 1#1: signal 29 (SIGIO) received
2026/03/11 12:18:33 [notice] 1#1: signal 17 (SIGCHLD) received from 34
2026/03/11 12:18:33 [notice] 1#1: worker process 34 exited with code 0
2026/03/11 12:18:33 [notice] 1#1: worker process 35 exited with code 0
2026/03/11 12:18:33 [notice] 1#1: worker process 33 exited with code 0
2026/03/11 12:18:33 [notice] 1#1: worker process 36 exited with code 0
2026/03/11 12:18:33 [notice] 1#1: worker process 39 exited with code 0
2026/03/11 12:18:33 [notice] 1#1: signal 29 (SIGIO) received
2026/03/11 12:18:33 [notice] 1#1: signal 17 (SIGCHLD) received from 36
2026/03/11 12:18:33 [notice] 1#1: worker process 29 exited with code 0
2026/03/11 12:18:33 [notice] 1#1: worker process 32 exited with code 0
2026/03/11 12:18:33 [notice] 1#1: worker process 37 exited with code 0
2026/03/11 12:18:33 [notice] 1#1: signal 29 (SIGIO) received
2026/03/11 12:18:33 [notice] 1#1: signal 17 (SIGCHLD) received from 40
2026/03/11 12:18:33 [notice] 1#1: worker process 40 exited with code 0
2026/03/11 12:18:33 [notice] 1#1: signal 29 (SIGIO) received
2026/03/11 12:18:33 [notice] 1#1: signal 17 (SIGCHLD) received from 31
2026/03/11 12:18:33 [notice] 1#1: worker process 31 exited with code 0
2026/03/11 12:18:33 [notice] 1#1: exit
2026/03/11 12:22:32 [notice] 1#1: using the "epoll" event method
2026/03/11 12:22:32 [notice] 1#1: nginx/1.29.2
2026/03/11 12:22:32 [notice] 1#1: built by gcc 14.2.0 (Alpine 14.2.0) 
2026/03/11 12:22:32 [notice] 1#1: OS: Linux 6.6.87.2-microsoft-standard-WSL2
2026/03/11 12:22:32 [notice] 1#1: getrlimit(RLIMIT_NOFILE): 1048576:1048576
2026/03/11 12:22:32 [notice] 1#1: start worker processes
2026/03/11 12:22:32 [notice] 1#1: start worker process 21
2026/03/11 12:22:32 [notice] 1#1: start worker process 22
2026/03/11 12:22:32 [notice] 1#1: start worker process 23
2026/03/11 12:22:32 [notice] 1#1: start worker process 24
2026/03/11 12:22:32 [notice] 1#1: start worker process 25
2026/03/11 12:22:32 [notice] 1#1: start worker process 26
2026/03/11 12:22:32 [notice] 1#1: start worker process 27
2026/03/11 12:22:32 [notice] 1#1: start worker process 28
2026/03/11 12:22:32 [notice] 1#1: start worker process 29
2026/03/11 12:22:32 [notice] 1#1: start worker process 30
2026/03/11 12:22:32 [notice] 1#1: start worker process 31
2026/03/11 12:22:32 [notice] 1#1: start worker process 32
2026/03/11 12:44:49 [notice] 1#1: signal 3 (SIGQUIT) received, shutting down
2026/03/11 12:44:49 [notice] 23#23: gracefully shutting down
2026/03/11 12:44:49 [notice] 21#21: gracefully shutting down
2026/03/11 12:44:49 [notice] 22#22: gracefully shutting down
2026/03/11 12:44:49 [notice] 24#24: gracefully shutting down
2026/03/11 12:44:49 [notice] 23#23: exiting
2026/03/11 12:44:49 [notice] 21#21: exiting
2026/03/11 12:44:49 [notice] 26#26: gracefully shutting down
2026/03/11 12:44:49 [notice] 25#25: gracefully shutting down
2026/03/11 12:44:49 [notice] 22#22: exiting
2026/03/11 12:44:49 [notice] 24#24: exiting
2026/03/11 12:44:49 [notice] 26#26: exiting
2026/03/11 12:44:49 [notice] 27#27: gracefully shutting down
2026/03/11 12:44:49 [notice] 25#25: exiting
2026/03/11 12:44:49 [notice] 28#28: gracefully shutting down
2026/03/11 12:44:49 [notice] 27#27: exiting
2026/03/11 12:44:49 [notice] 28#28: exiting
2026/03/11 12:44:49 [notice] 32#32: gracefully shutting down
2026/03/11 12:44:49 [notice] 32#32: exiting
2026/03/11 12:44:49 [notice] 21#21: exit
2026/03/11 12:44:49 [notice] 24#24: exit
2026/03/11 12:44:49 [notice] 22#22: exit
2026/03/11 12:44:49 [notice] 28#28: exit
2026/03/11 12:44:49 [notice] 23#23: exit
2026/03/11 12:44:49 [notice] 26#26: exit
2026/03/11 12:44:49 [notice] 25#25: exit
2026/03/11 12:44:49 [notice] 32#32: exit
2026/03/11 12:44:49 [notice] 27#27: exit
2026/03/11 12:44:49 [notice] 30#30: gracefully shutting down
2026/03/11 12:44:49 [notice] 30#30: exiting
2026/03/11 12:44:49 [notice] 29#29: gracefully shutting down
2026/03/11 12:44:49 [notice] 29#29: exiting
2026/03/11 12:44:49 [notice] 29#29: exit
2026/03/11 12:44:49 [notice] 30#30: exit
2026/03/11 12:44:49 [notice] 31#31: gracefully shutting down
2026/03/11 12:44:49 [notice] 31#31: exiting
2026/03/11 12:44:49 [notice] 31#31: exit
2026/03/11 12:44:49 [notice] 1#1: signal 17 (SIGCHLD) received from 28
2026/03/11 12:44:49 [notice] 1#1: worker process 28 exited with code 0
2026/03/11 12:44:49 [notice] 1#1: signal 29 (SIGIO) received
2026/03/11 12:44:49 [notice] 1#1: signal 17 (SIGCHLD) received from 29
2026/03/11 12:44:49 [notice] 1#1: worker process 29 exited with code 0
2026/03/11 12:44:49 [notice] 1#1: worker process 32 exited with code 0
2026/03/11 12:44:49 [notice] 1#1: signal 17 (SIGCHLD) received from 32
2026/03/11 12:44:49 [notice] 1#1: signal 29 (SIGIO) received
2026/03/11 12:44:49 [notice] 1#1: signal 17 (SIGCHLD) received from 23
2026/03/11 12:44:49 [notice] 1#1: worker process 23 exited with code 0
2026/03/11 12:44:49 [notice] 1#1: signal 29 (SIGIO) received
2026/03/11 12:44:49 [notice] 1#1: signal 17 (SIGCHLD) received from 22
2026/03/11 12:44:49 [notice] 1#1: worker process 22 exited with code 0
2026/03/11 12:44:49 [notice] 1#1: signal 29 (SIGIO) received
2026/03/11 12:44:49 [notice] 1#1: signal 17 (SIGCHLD) received from 30
2026/03/11 12:44:49 [notice] 1#1: worker process 30 exited with code 0
2026/03/11 12:44:49 [notice] 1#1: signal 29 (SIGIO) received
2026/03/11 12:44:49 [notice] 1#1: signal 17 (SIGCHLD) received from 25
2026/03/11 12:44:49 [notice] 1#1: worker process 21 exited with code 0
2026/03/11 12:44:49 [notice] 1#1: worker process 25 exited with code 0
2026/03/11 12:44:49 [notice] 1#1: signal 29 (SIGIO) received
2026/03/11 12:44:49 [notice] 1#1: signal 17 (SIGCHLD) received from 27
2026/03/11 12:44:49 [notice] 1#1: worker process 24 exited with code 0
2026/03/11 12:44:49 [notice] 1#1: worker process 26 exited with code 0
2026/03/11 12:44:49 [notice] 1#1: worker process 27 exited with code 0
2026/03/11 12:44:49 [notice] 1#1: signal 29 (SIGIO) received
2026/03/11 12:44:49 [notice] 1#1: signal 17 (SIGCHLD) received from 31
2026/03/11 12:44:49 [notice] 1#1: worker process 31 exited with code 0
2026/03/11 12:44:49 [notice] 1#1: exit
2026/03/11 12:45:11 [notice] 1#1: using the "epoll" event method
2026/03/11 12:45:11 [notice] 1#1: nginx/1.29.2
2026/03/11 12:45:11 [notice] 1#1: built by gcc 14.2.0 (Alpine 14.2.0) 
2026/03/11 12:45:11 [notice] 1#1: OS: Linux 6.6.87.2-microsoft-standard-WSL2
2026/03/11 12:45:11 [notice] 1#1: getrlimit(RLIMIT_NOFILE): 1048576:1048576
2026/03/11 12:45:11 [notice] 1#1: start worker processes
2026/03/11 12:45:11 [notice] 1#1: start worker process 21
2026/03/11 12:45:11 [notice] 1#1: start worker process 22
2026/03/11 12:45:11 [notice] 1#1: start worker process 23
2026/03/11 12:45:11 [notice] 1#1: start worker process 24
2026/03/11 12:45:11 [notice] 1#1: start worker process 25
2026/03/11 12:45:11 [notice] 1#1: start worker process 26
2026/03/11 12:45:11 [notice] 1#1: start worker process 27
2026/03/11 12:45:11 [notice] 1#1: start worker process 28
2026/03/11 12:45:11 [notice] 1#1: start worker process 29
2026/03/11 12:45:11 [notice] 1#1: start worker process 30
2026/03/11 12:45:11 [notice] 1#1: start worker process 31
2026/03/11 12:45:11 [notice] 1#1: start worker process 32
2026/03/11 12:55:06 [notice] 1#1: signal 3 (SIGQUIT) received, shutting down
2026/03/11 12:55:06 [notice] 22#22: gracefully shutting down
2026/03/11 12:55:06 [notice] 21#21: gracefully shutting down
2026/03/11 12:55:06 [notice] 25#25: gracefully shutting down
2026/03/11 12:55:06 [notice] 22#22: exiting
2026/03/11 12:55:06 [notice] 21#21: exiting
2026/03/11 12:55:06 [notice] 23#23: gracefully shutting down
2026/03/11 12:55:06 [notice] 24#24: gracefully shutting down
2026/03/11 12:55:06 [notice] 25#25: exiting
2026/03/11 12:55:06 [notice] 27#27: gracefully shutting down
2026/03/11 12:55:06 [notice] 28#28: gracefully shutting down
2026/03/11 12:55:06 [notice] 26#26: gracefully shutting down
2026/03/11 12:55:06 [notice] 24#24: exiting
2026/03/11 12:55:06 [notice] 23#23: exiting
2026/03/11 12:55:06 [notice] 27#27: exiting
2026/03/11 12:55:06 [notice] 29#29: gracefully shutting down
2026/03/11 12:55:06 [notice] 28#28: exiting
2026/03/11 12:55:06 [notice] 29#29: exiting
2026/03/11 12:55:06 [notice] 26#26: exiting
2026/03/11 12:55:06 [notice] 30#30: gracefully shutting down
2026/03/11 12:55:06 [notice] 30#30: exiting
2026/03/11 12:55:06 [notice] 21#21: exit
2026/03/11 12:55:06 [notice] 25#25: exit
2026/03/11 12:55:06 [notice] 22#22: exit
2026/03/11 12:55:06 [notice] 27#27: exit
2026/03/11 12:55:06 [notice] 23#23: exit
2026/03/11 12:55:06 [notice] 28#28: exit
2026/03/11 12:55:06 [notice] 24#24: exit
2026/03/11 12:55:06 [notice] 26#26: exit
2026/03/11 12:55:06 [notice] 29#29: exit
2026/03/11 12:55:06 [notice] 30#30: exit
2026/03/11 12:55:06 [notice] 31#31: gracefully shutting down
2026/03/11 12:55:06 [notice] 32#32: gracefully shutting down
2026/03/11 12:55:06 [notice] 31#31: exiting
2026/03/11 12:55:06 [notice] 31#31: exit
2026/03/11 12:55:06 [notice] 1#1: signal 17 (SIGCHLD) received from 26
2026/03/11 12:55:06 [notice] 1#1: worker process 26 exited with code 0
2026/03/11 12:55:06 [notice] 1#1: signal 29 (SIGIO) received
2026/03/11 12:55:06 [notice] 1#1: signal 17 (SIGCHLD) received from 21
2026/03/11 12:55:06 [notice] 1#1: worker process 21 exited with code 0
2026/03/11 12:55:06 [notice] 1#1: signal 29 (SIGIO) received
2026/03/11 12:55:06 [notice] 1#1: signal 17 (SIGCHLD) received from 30
2026/03/11 12:55:06 [notice] 1#1: worker process 30 exited with code 0
2026/03/11 12:55:06 [notice] 1#1: signal 29 (SIGIO) received
2026/03/11 12:55:06 [notice] 1#1: signal 17 (SIGCHLD) received from 31
2026/03/11 12:55:06 [notice] 1#1: worker process 27 exited with code 0
2026/03/11 12:55:06 [notice] 1#1: worker process 31 exited with code 0
2026/03/11 12:55:06 [notice] 1#1: signal 29 (SIGIO) received
2026/03/11 12:55:06 [notice] 1#1: signal 17 (SIGCHLD) received from 29
2026/03/11 12:55:06 [notice] 1#1: worker process 29 exited with code 0
2026/03/11 12:55:06 [notice] 1#1: signal 29 (SIGIO) received
2026/03/11 12:55:06 [notice] 1#1: signal 17 (SIGCHLD) received from 24
2026/03/11 12:55:06 [notice] 1#1: worker process 24 exited with code 0
2026/03/11 12:55:06 [notice] 1#1: signal 29 (SIGIO) received
2026/03/11 12:55:06 [notice] 1#1: signal 17 (SIGCHLD) received from 22
2026/03/11 12:55:06 [notice] 1#1: worker process 22 exited with code 0
2026/03/11 12:55:06 [notice] 1#1: worker process 25 exited with code 0
2026/03/11 12:55:06 [notice] 1#1: signal 29 (SIGIO) received
2026/03/11 12:55:06 [notice] 1#1: signal 17 (SIGCHLD) received from 23
2026/03/11 12:55:06 [notice] 1#1: worker process 23 exited with code 0
2026/03/11 12:55:06 [notice] 1#1: signal 29 (SIGIO) received
2026/03/11 12:55:06 [notice] 1#1: signal 17 (SIGCHLD) received from 28
2026/03/11 12:55:06 [notice] 1#1: worker process 28 exited with code 0
2026/03/11 12:55:06 [notice] 1#1: signal 29 (SIGIO) received
2026/03/11 12:55:37 [notice] 1#1: using the "epoll" event method
2026/03/11 12:55:37 [notice] 1#1: nginx/1.29.2
2026/03/11 12:55:37 [notice] 1#1: built by gcc 14.2.0 (Alpine 14.2.0) 
2026/03/11 12:55:37 [notice] 1#1: OS: Linux 6.6.87.2-microsoft-standard-WSL2
2026/03/11 12:55:37 [notice] 1#1: getrlimit(RLIMIT_NOFILE): 1048576:1048576
2026/03/11 12:55:37 [notice] 1#1: start worker processes
2026/03/11 12:55:37 [notice] 1#1: start worker process 21
2026/03/11 12:55:37 [notice] 1#1: start worker process 22
2026/03/11 12:55:37 [notice] 1#1: start worker process 23
2026/03/11 12:55:37 [notice] 1#1: start worker process 24
2026/03/11 12:55:37 [notice] 1#1: start worker process 25
2026/03/11 12:55:37 [notice] 1#1: start worker process 26
2026/03/11 12:55:37 [notice] 1#1: start worker process 27
2026/03/11 12:55:37 [notice] 1#1: start worker process 28
2026/03/11 12:55:37 [notice] 1#1: start worker process 29
2026/03/11 12:55:37 [notice] 1#1: start worker process 30
2026/03/11 12:55:37 [notice] 1#1: start worker process 31
2026/03/11 12:55:37 [notice] 1#1: start worker process 32
2026/03/11 16:16:14 [notice] 1#1: signal 3 (SIGQUIT) received, shutting down
2026/03/11 16:16:14 [notice] 21#21: gracefully shutting down
2026/03/11 16:16:14 [notice] 22#22: gracefully shutting down
2026/03/11 16:16:14 [notice] 21#21: exiting
2026/03/11 16:16:14 [notice] 23#23: gracefully shutting down
2026/03/11 16:16:14 [notice] 23#23: exiting
2026/03/11 16:16:14 [notice] 24#24: gracefully shutting down
2026/03/11 16:16:14 [notice] 25#25: gracefully shutting down
2026/03/11 16:16:14 [notice] 22#22: exiting
2026/03/11 16:16:14 [notice] 26#26: gracefully shutting down
2026/03/11 16:16:14 [notice] 26#26: exiting
2026/03/11 16:16:14 [notice] 27#27: gracefully shutting down
2026/03/11 16:16:14 [notice] 24#24: exiting
2026/03/11 16:16:14 [notice] 29#29: gracefully shutting down
2026/03/11 16:16:14 [notice] 25#25: exiting
2026/03/11 16:16:14 [notice] 28#28: gracefully shutting down
2026/03/11 16:16:14 [notice] 29#29: exiting
2026/03/11 16:16:14 [notice] 28#28: exiting
2026/03/11 16:16:14 [notice] 27#27: exiting
2026/03/11 16:16:14 [notice] 30#30: gracefully shutting down
2026/03/11 16:16:14 [notice] 30#30: exiting
2026/03/11 16:16:14 [notice] 21#21: exit
2026/03/11 16:16:14 [notice] 23#23: exit
2026/03/11 16:16:14 [notice] 22#22: exit
2026/03/11 16:16:14 [notice] 26#26: exit
2026/03/11 16:16:14 [notice] 24#24: exit
2026/03/11 16:16:14 [notice] 25#25: exit
2026/03/11 16:16:14 [notice] 29#29: exit
2026/03/11 16:16:14 [notice] 27#27: exit
2026/03/11 16:16:14 [notice] 28#28: exit
2026/03/11 16:16:14 [notice] 30#30: exit
2026/03/11 16:16:14 [notice] 31#31: gracefully shutting down
2026/03/11 16:16:14 [notice] 32#32: gracefully shutting down
2026/03/11 16:16:14 [notice] 31#31: exiting
2026/03/11 16:16:14 [notice] 32#32: exiting
2026/03/11 16:16:14 [notice] 31#31: exit
2026/03/11 16:16:14 [notice] 32#32: exit
2026/03/11 16:16:14 [notice] 1#1: signal 17 (SIGCHLD) received from 29
2026/03/11 16:16:14 [notice] 1#1: worker process 29 exited with code 0
2026/03/11 16:16:14 [notice] 1#1: signal 29 (SIGIO) received
2026/03/11 16:16:14 [notice] 1#1: signal 17 (SIGCHLD) received from 27
2026/03/11 16:16:14 [notice] 1#1: worker process 27 exited with code 0
2026/03/11 16:16:14 [notice] 1#1: signal 29 (SIGIO) received
2026/03/11 16:16:14 [notice] 1#1: signal 17 (SIGCHLD) received from 28
2026/03/11 16:16:14 [notice] 1#1: worker process 28 exited with code 0
2026/03/11 16:16:14 [notice] 1#1: worker process 22 exited with code 0
2026/03/11 16:16:14 [notice] 1#1: signal 29 (SIGIO) received
2026/03/11 16:16:14 [notice] 1#1: signal 17 (SIGCHLD) received from 22
2026/03/11 16:16:14 [notice] 1#1: worker process 25 exited with code 0
2026/03/11 16:16:14 [notice] 1#1: signal 29 (SIGIO) received
2026/03/11 16:16:14 [notice] 1#1: signal 17 (SIGCHLD) received from 26
2026/03/11 16:16:14 [notice] 1#1: worker process 26 exited with code 0
2026/03/11 16:16:14 [notice] 1#1: signal 29 (SIGIO) received
2026/03/11 16:16:14 [notice] 1#1: signal 17 (SIGCHLD) received from 31
2026/03/11 16:16:14 [notice] 1#1: worker process 21 exited with code 0
2026/03/11 16:16:14 [notice] 1#1: worker process 23 exited with code 0
2026/03/11 16:16:14 [notice] 1#1: worker process 24 exited with code 0
2026/03/11 16:16:14 [notice] 1#1: worker process 31 exited with code 0
2026/03/11 16:16:14 [notice] 1#1: worker process 32 exited with code 0
2026/03/11 16:16:14 [notice] 1#1: signal 29 (SIGIO) received
2026/03/11 16:16:14 [notice] 1#1: signal 17 (SIGCHLD) received from 30
2026/03/11 16:16:14 [notice] 1#1: worker process 30 exited with code 0
2026/03/11 16:16:14 [notice] 1#1: exit
2026/03/12 05:33:01 [notice] 1#1: using the "epoll" event method
2026/03/12 05:33:01 [notice] 1#1: nginx/1.29.2
2026/03/12 05:33:01 [notice] 1#1: built by gcc 14.2.0 (Alpine 14.2.0) 
2026/03/12 05:33:01 [notice] 1#1: OS: Linux 6.6.87.2-microsoft-standard-WSL2
2026/03/12 05:33:01 [notice] 1#1: getrlimit(RLIMIT_NOFILE): 1048576:1048576
2026/03/12 05:33:01 [notice] 1#1: start worker processes
2026/03/12 05:33:01 [notice] 1#1: start worker process 21
2026/03/12 05:33:01 [notice] 1#1: start worker process 22
2026/03/12 05:33:01 [notice] 1#1: start worker process 23
2026/03/12 05:33:01 [notice] 1#1: start worker process 24
2026/03/12 05:33:01 [notice] 1#1: start worker process 25
2026/03/12 05:33:01 [notice] 1#1: start worker process 26
2026/03/12 05:33:01 [notice] 1#1: start worker process 27
2026/03/12 05:33:01 [notice] 1#1: start worker process 28
2026/03/12 05:33:01 [notice] 1#1: start worker process 29
2026/03/12 05:33:01 [notice] 1#1: start worker process 30
2026/03/12 05:33:01 [notice] 1#1: start worker process 31
2026/03/12 05:33:01 [notice] 1#1: start worker process 32
2026/03/12 06:44:58 [notice] 1#1: signal 3 (SIGQUIT) received, shutting down
2026/03/12 06:44:58 [notice] 21#21: gracefully shutting down
2026/03/12 06:44:58 [notice] 22#22: gracefully shutting down
2026/03/12 06:44:58 [notice] 23#23: gracefully shutting down
2026/03/12 06:44:58 [notice] 21#21: exiting
2026/03/12 06:44:58 [notice] 24#24: gracefully shutting down
2026/03/12 06:44:58 [notice] 22#22: exiting
2026/03/12 06:44:58 [notice] 25#25: gracefully shutting down
2026/03/12 06:44:58 [notice] 26#26: gracefully shutting down
2026/03/12 06:44:58 [notice] 25#25: exiting
2026/03/12 06:44:58 [notice] 27#27: gracefully shutting down
2026/03/12 06:44:58 [notice] 28#28: gracefully shutting down
2026/03/12 06:44:58 [notice] 26#26: exiting
2026/03/12 06:44:58 [notice] 27#27: exiting
2026/03/12 06:44:58 [notice] 28#28: exiting
2026/03/12 06:44:58 [notice] 31#31: gracefully shutting down
2026/03/12 06:44:58 [notice] 23#23: exiting
2026/03/12 06:44:58 [notice] 31#31: exiting
2026/03/12 06:44:58 [notice] 24#24: exiting
2026/03/12 06:44:58 [notice] 22#22: exit
2026/03/12 06:44:58 [notice] 21#21: exit
2026/03/12 06:44:58 [notice] 25#25: exit
2026/03/12 06:44:58 [notice] 27#27: exit
2026/03/12 06:44:58 [notice] 26#26: exit
2026/03/12 06:44:58 [notice] 28#28: exit
2026/03/12 06:44:58 [notice] 31#31: exit
2026/03/12 06:44:58 [notice] 23#23: exit
2026/03/12 06:44:58 [notice] 29#29: gracefully shutting down
2026/03/12 06:44:58 [notice] 24#24: exit
2026/03/12 06:44:58 [notice] 29#29: exiting
2026/03/12 06:44:58 [notice] 30#30: gracefully shutting down
2026/03/12 06:44:58 [notice] 30#30: exiting
2026/03/12 06:44:58 [notice] 29#29: exit
2026/03/12 06:44:58 [notice] 30#30: exit
2026/03/12 06:44:58 [notice] 32#32: gracefully shutting down
2026/03/12 06:44:58 [notice] 32#32: exiting
2026/03/12 06:44:58 [notice] 32#32: exit
2026/03/12 06:44:58 [notice] 1#1: signal 17 (SIGCHLD) received from 30
2026/03/12 06:44:58 [notice] 1#1: worker process 30 exited with code 0
2026/03/12 06:44:58 [notice] 1#1: signal 29 (SIGIO) received
2026/03/12 06:44:58 [notice] 1#1: signal 17 (SIGCHLD) received from 24
2026/03/12 06:44:58 [notice] 1#1: worker process 24 exited with code 0
2026/03/12 06:44:58 [notice] 1#1: worker process 25 exited with code 0
2026/03/12 06:44:58 [notice] 1#1: worker process 28 exited with code 0
2026/03/12 06:44:58 [notice] 1#1: signal 29 (SIGIO) received
2026/03/12 06:44:58 [notice] 1#1: signal 17 (SIGCHLD) received from 31
2026/03/12 06:44:58 [notice] 1#1: worker process 31 exited with code 0
2026/03/12 06:44:58 [notice] 1#1: worker process 27 exited with code 0
2026/03/12 06:44:58 [notice] 1#1: signal 29 (SIGIO) received
2026/03/12 06:44:58 [notice] 1#1: signal 17 (SIGCHLD) received from 27
2026/03/12 06:44:58 [notice] 1#1: signal 17 (SIGCHLD) received from 26
2026/03/12 06:44:58 [notice] 1#1: worker process 23 exited with code 0
2026/03/12 06:44:58 [notice] 1#1: worker process 26 exited with code 0
2026/03/12 06:44:58 [notice] 1#1: signal 29 (SIGIO) received
2026/03/12 06:44:58 [notice] 1#1: signal 17 (SIGCHLD) received from 22
2026/03/12 06:44:58 [notice] 1#1: worker process 22 exited with code 0
2026/03/12 06:44:58 [notice] 1#1: signal 29 (SIGIO) received
2026/03/12 06:44:58 [notice] 1#1: signal 17 (SIGCHLD) received from 32
2026/03/12 06:44:58 [notice] 1#1: worker process 21 exited with code 0
2026/03/12 06:44:58 [notice] 1#1: worker process 29 exited with code 0
2026/03/12 06:44:58 [notice] 1#1: worker process 32 exited with code 0
2026/03/12 06:44:58 [notice] 1#1: exit
2026/03/12 07:05:42 [notice] 1#1: using the "epoll" event method
2026/03/12 07:05:42 [notice] 1#1: nginx/1.29.2
2026/03/12 07:05:42 [notice] 1#1: built by gcc 14.2.0 (Alpine 14.2.0) 
2026/03/12 07:05:42 [notice] 1#1: OS: Linux 6.6.87.2-microsoft-standard-WSL2
2026/03/12 07:05:42 [notice] 1#1: getrlimit(RLIMIT_NOFILE): 1048576:1048576
2026/03/12 07:05:42 [notice] 1#1: start worker processes
2026/03/12 07:05:42 [notice] 1#1: start worker process 21
2026/03/12 07:05:42 [notice] 1#1: start worker process 22
2026/03/12 07:05:42 [notice] 1#1: start worker process 23
2026/03/12 07:05:42 [notice] 1#1: start worker process 24
2026/03/12 07:05:42 [notice] 1#1: start worker process 25
2026/03/12 07:05:42 [notice] 1#1: start worker process 26
2026/03/12 07:05:42 [notice] 1#1: start worker process 27
2026/03/12 07:05:42 [notice] 1#1: start worker process 28
2026/03/12 07:05:42 [notice] 1#1: start worker process 29
2026/03/12 07:05:42 [notice] 1#1: start worker process 30
2026/03/12 07:05:42 [notice] 1#1: start worker process 31
2026/03/12 07:05:42 [notice] 1#1: start worker process 32
2026/03/12 07:08:31 [notice] 1#1: signal 3 (SIGQUIT) received, shutting down
2026/03/12 07:08:31 [notice] 21#21: gracefully shutting down
2026/03/12 07:08:31 [notice] 22#22: gracefully shutting down
2026/03/12 07:08:31 [notice] 23#23: gracefully shutting down
2026/03/12 07:08:31 [notice] 21#21: exiting
2026/03/12 07:08:31 [notice] 22#22: exiting
2026/03/12 07:08:31 [notice] 24#24: gracefully shutting down
2026/03/12 07:08:31 [notice] 23#23: exiting
2026/03/12 07:08:31 [notice] 25#25: gracefully shutting down
2026/03/12 07:08:31 [notice] 26#26: gracefully shutting down
2026/03/12 07:08:31 [notice] 24#24: exiting
2026/03/12 07:08:31 [notice] 25#25: exiting
2026/03/12 07:08:31 [notice] 26#26: exiting
2026/03/12 07:08:31 [notice] 27#27: gracefully shutting down
2026/03/12 07:08:31 [notice] 27#27: exiting
2026/03/12 07:08:31 [notice] 30#30: gracefully shutting down
2026/03/12 07:08:31 [notice] 31#31: gracefully shutting down
2026/03/12 07:08:31 [notice] 30#30: exiting
2026/03/12 07:08:31 [notice] 31#31: exiting
2026/03/12 07:08:31 [notice] 28#28: gracefully shutting down
2026/03/12 07:08:31 [notice] 29#29: gracefully shutting down
2026/03/12 07:08:31 [notice] 28#28: exiting
2026/03/12 07:08:31 [notice] 29#29: exiting
2026/03/12 07:08:31 [notice] 22#22: exit
2026/03/12 07:08:31 [notice] 24#24: exit
2026/03/12 07:08:31 [notice] 21#21: exit
2026/03/12 07:08:31 [notice] 25#25: exit
2026/03/12 07:08:31 [notice] 23#23: exit
2026/03/12 07:08:31 [notice] 26#26: exit
2026/03/12 07:08:31 [notice] 27#27: exit
2026/03/12 07:08:31 [notice] 30#30: exit
2026/03/12 07:08:31 [notice] 31#31: exit
2026/03/12 07:08:31 [notice] 28#28: exit
2026/03/12 07:08:31 [notice] 29#29: exit
2026/03/12 07:08:31 [notice] 32#32: gracefully shutting down
2026/03/12 07:08:31 [notice] 32#32: exiting
2026/03/12 07:08:31 [notice] 32#32: exit
2026/03/12 07:08:31 [notice] 1#1: signal 17 (SIGCHLD) received from 25
2026/03/12 07:08:31 [notice] 1#1: worker process 25 exited with code 0
2026/03/12 07:08:31 [notice] 1#1: signal 29 (SIGIO) received
2026/03/12 07:08:31 [notice] 1#1: signal 17 (SIGCHLD) received from 21
2026/03/12 07:08:31 [notice] 1#1: worker process 21 exited with code 0
2026/03/12 07:08:31 [notice] 1#1: worker process 24 exited with code 0
2026/03/12 07:08:31 [notice] 1#1: worker process 27 exited with code 0
2026/03/12 07:08:31 [notice] 1#1: worker process 30 exited with code 0
2026/03/12 07:08:31 [notice] 1#1: worker process 32 exited with code 0
2026/03/12 07:08:31 [notice] 1#1: signal 29 (SIGIO) received
2026/03/12 07:08:31 [notice] 1#1: signal 17 (SIGCHLD) received from 32
2026/03/12 07:08:31 [notice] 1#1: worker process 23 exited with code 0
2026/03/12 07:08:31 [notice] 1#1: signal 29 (SIGIO) received
2026/03/12 07:08:31 [notice] 1#1: signal 17 (SIGCHLD) received from 22
2026/03/12 07:08:31 [notice] 1#1: worker process 22 exited with code 0
2026/03/12 07:08:31 [notice] 1#1: signal 29 (SIGIO) received
2026/03/12 07:08:31 [notice] 1#1: signal 17 (SIGCHLD) received from 26
2026/03/12 07:08:31 [notice] 1#1: worker process 26 exited with code 0
2026/03/12 07:08:31 [notice] 1#1: signal 29 (SIGIO) received
2026/03/12 07:08:31 [notice] 1#1: signal 17 (SIGCHLD) received from 29
2026/03/12 07:08:31 [notice] 1#1: worker process 29 exited with code 0
2026/03/12 07:08:31 [notice] 1#1: signal 29 (SIGIO) received
2026/03/12 07:08:31 [notice] 1#1: signal 17 (SIGCHLD) received from 31
2026/03/12 07:08:31 [notice] 1#1: worker process 31 exited with code 0
2026/03/12 07:08:31 [notice] 1#1: signal 29 (SIGIO) received
2026/03/12 07:08:31 [notice] 1#1: signal 17 (SIGCHLD) received from 28
2026/03/12 07:08:31 [notice] 1#1: worker process 28 exited with code 0
2026/03/12 07:08:31 [notice] 1#1: exit
2026/03/12 07:08:42 [notice] 1#1: using the "epoll" event method
2026/03/12 07:08:42 [notice] 1#1: nginx/1.29.2
2026/03/12 07:08:42 [notice] 1#1: built by gcc 14.2.0 (Alpine 14.2.0) 
2026/03/12 07:08:42 [notice] 1#1: OS: Linux 6.6.87.2-microsoft-standard-WSL2
2026/03/12 07:08:42 [notice] 1#1: getrlimit(RLIMIT_NOFILE): 1048576:1048576
2026/03/12 07:08:42 [notice] 1#1: start worker processes
2026/03/12 07:08:42 [notice] 1#1: start worker process 22
2026/03/12 07:08:42 [notice] 1#1: start worker process 23
2026/03/12 07:08:42 [notice] 1#1: start worker process 24
2026/03/12 07:08:42 [notice] 1#1: start worker process 25
2026/03/12 07:08:42 [notice] 1#1: start worker process 26
2026/03/12 07:08:42 [notice] 1#1: start worker process 27
2026/03/12 07:08:42 [notice] 1#1: start worker process 28
2026/03/12 07:08:42 [notice] 1#1: start worker process 29
2026/03/12 07:08:42 [notice] 1#1: start worker process 30
2026/03/12 07:08:42 [notice] 1#1: start worker process 31
2026/03/12 07:08:42 [notice] 1#1: start worker process 32
2026/03/12 07:08:42 [notice] 1#1: start worker process 33
2026/03/12 07:38:40 [notice] 1#1: signal 3 (SIGQUIT) received, shutting down
2026/03/12 07:38:40 [notice] 24#24: gracefully shutting down
2026/03/12 07:38:40 [notice] 22#22: gracefully shutting down
2026/03/12 07:38:40 [notice] 23#23: gracefully shutting down
2026/03/12 07:38:40 [notice] 25#25: gracefully shutting down
2026/03/12 07:38:40 [notice] 24#24: exiting
2026/03/12 07:38:40 [notice] 26#26: gracefully shutting down
2026/03/12 07:38:40 [notice] 27#27: gracefully shutting down
2026/03/12 07:38:40 [notice] 28#28: gracefully shutting down
2026/03/12 07:38:40 [notice] 23#23: exiting
2026/03/12 07:38:40 [notice] 25#25: exiting
2026/03/12 07:38:40 [notice] 31#31: gracefully shutting down
2026/03/12 07:38:40 [notice] 29#29: gracefully shutting down
2026/03/12 07:38:40 [notice] 26#26: exiting
2026/03/12 07:38:40 [notice] 28#28: exiting
2026/03/12 07:38:40 [notice] 31#31: exiting
2026/03/12 07:38:40 [notice] 29#29: exiting
2026/03/12 07:38:40 [notice] 22#22: exiting
2026/03/12 07:38:40 [notice] 33#33: gracefully shutting down
2026/03/12 07:38:40 [notice] 30#30: gracefully shutting down
2026/03/12 07:38:40 [notice] 32#32: gracefully shutting down
2026/03/12 07:38:40 [notice] 30#30: exiting
2026/03/12 07:38:40 [notice] 33#33: exiting
2026/03/12 07:38:40 [notice] 32#32: exiting
2026/03/12 07:38:40 [notice] 25#25: exit
2026/03/12 07:38:40 [notice] 24#24: exit
2026/03/12 07:38:40 [notice] 28#28: exit
2026/03/12 07:38:40 [notice] 29#29: exit
2026/03/12 07:38:40 [notice] 22#22: exit
2026/03/12 07:38:40 [notice] 23#23: exit
2026/03/12 07:38:40 [notice] 30#30: exit
2026/03/12 07:38:40 [notice] 33#33: exit
2026/03/12 07:38:40 [notice] 32#32: exit
2026/03/12 07:38:40 [notice] 27#27: exiting
2026/03/12 07:38:40 [notice] 31#31: exit
2026/03/12 07:38:40 [notice] 27#27: exit
2026/03/12 07:38:40 [notice] 26#26: exit
2026/03/12 07:38:41 [notice] 1#1: signal 17 (SIGCHLD) received from 33
2026/03/12 07:38:41 [notice] 1#1: worker process 27 exited with code 0
2026/03/12 07:38:41 [notice] 1#1: worker process 33 exited with code 0
2026/03/12 07:38:41 [notice] 1#1: signal 29 (SIGIO) received
2026/03/12 07:38:41 [notice] 1#1: signal 17 (SIGCHLD) received from 27
2026/03/12 07:38:41 [notice] 1#1: signal 17 (SIGCHLD) received from 29
2026/03/12 07:38:41 [notice] 1#1: worker process 29 exited with code 0
2026/03/12 07:38:41 [notice] 1#1: signal 29 (SIGIO) received
2026/03/12 07:38:41 [notice] 1#1: signal 17 (SIGCHLD) received from 24
2026/03/12 07:38:41 [notice] 1#1: worker process 24 exited with code 0
2026/03/12 07:38:41 [notice] 1#1: signal 29 (SIGIO) received
2026/03/12 07:38:41 [notice] 1#1: signal 17 (SIGCHLD) received from 23
2026/03/12 07:38:41 [notice] 1#1: worker process 23 exited with code 0
2026/03/12 07:38:41 [notice] 1#1: worker process 28 exited with code 0
2026/03/12 07:38:41 [notice] 1#1: signal 29 (SIGIO) received
2026/03/12 07:38:41 [notice] 1#1: signal 17 (SIGCHLD) received from 22
2026/03/12 07:38:41 [notice] 1#1: worker process 22 exited with code 0
2026/03/12 07:38:41 [notice] 1#1: signal 29 (SIGIO) received
2026/03/12 07:38:41 [notice] 1#1: signal 17 (SIGCHLD) received from 32
2026/03/12 07:38:41 [notice] 1#1: worker process 25 exited with code 0
2026/03/12 07:38:41 [notice] 1#1: worker process 30 exited with code 0
2026/03/12 07:38:41 [notice] 1#1: worker process 31 exited with code 0
2026/03/12 07:38:41 [notice] 1#1: worker process 32 exited with code 0
2026/03/12 07:38:41 [notice] 1#1: signal 29 (SIGIO) received
2026/03/12 07:38:41 [notice] 1#1: signal 17 (SIGCHLD) received from 30
2026/03/12 07:38:41 [notice] 1#1: signal 17 (SIGCHLD) received from 26
2026/03/12 07:38:41 [notice] 1#1: worker process 26 exited with code 0
2026/03/12 07:38:41 [notice] 1#1: exit
2026/03/12 07:38:57 [notice] 1#1: using the "epoll" event method
2026/03/12 07:38:57 [notice] 1#1: nginx/1.29.2
2026/03/12 07:38:57 [notice] 1#1: built by gcc 14.2.0 (Alpine 14.2.0) 
2026/03/12 07:38:57 [notice] 1#1: OS: Linux 6.6.87.2-microsoft-standard-WSL2
2026/03/12 07:38:57 [notice] 1#1: getrlimit(RLIMIT_NOFILE): 1048576:1048576
2026/03/12 07:38:57 [notice] 1#1: start worker processes
2026/03/12 07:38:57 [notice] 1#1: start worker process 21
2026/03/12 07:38:57 [notice] 1#1: start worker process 22
2026/03/12 07:38:57 [notice] 1#1: start worker process 23
2026/03/12 07:38:57 [notice] 1#1: start worker process 24
2026/03/12 07:38:57 [notice] 1#1: start worker process 25
2026/03/12 07:38:57 [notice] 1#1: start worker process 26
2026/03/12 07:38:57 [notice] 1#1: start worker process 27
2026/03/12 07:38:57 [notice] 1#1: start worker process 28
2026/03/12 07:38:57 [notice] 1#1: start worker process 29
2026/03/12 07:38:57 [notice] 1#1: start worker process 30
2026/03/12 07:38:57 [notice] 1#1: start worker process 31
2026/03/12 07:38:57 [notice] 1#1: start worker process 32
